mode: set
github.com/emar-kar/course_project/pkg/request/datatypes.go:36.35,37.65 1 1
github.com/emar-kar/course_project/pkg/request/datatypes.go:40.2,40.14 1 1
github.com/emar-kar/course_project/pkg/request/datatypes.go:37.65,39.3 1 1
github.com/emar-kar/course_project/pkg/request/datatypes.go:44.37,45.65 1 1
github.com/emar-kar/course_project/pkg/request/datatypes.go:48.2,48.14 1 1
github.com/emar-kar/course_project/pkg/request/datatypes.go:45.65,47.3 1 1
github.com/emar-kar/course_project/pkg/request/datatypes.go:52.39,53.22 1 1
github.com/emar-kar/course_project/pkg/request/datatypes.go:56.2,56.45 1 1
github.com/emar-kar/course_project/pkg/request/datatypes.go:59.2,59.64 1 1
github.com/emar-kar/course_project/pkg/request/datatypes.go:62.2,62.14 1 1
github.com/emar-kar/course_project/pkg/request/datatypes.go:53.22,55.3 1 1
github.com/emar-kar/course_project/pkg/request/datatypes.go:56.45,58.3 1 1
github.com/emar-kar/course_project/pkg/request/datatypes.go:59.64,61.3 1 1
github.com/emar-kar/course_project/pkg/request/datatypes.go:66.36,67.22 1 1
github.com/emar-kar/course_project/pkg/request/datatypes.go:70.2,70.45 1 1
github.com/emar-kar/course_project/pkg/request/datatypes.go:73.2,73.64 1 1
github.com/emar-kar/course_project/pkg/request/datatypes.go:76.2,76.14 1 1
github.com/emar-kar/course_project/pkg/request/datatypes.go:67.22,69.3 1 1
github.com/emar-kar/course_project/pkg/request/datatypes.go:70.45,72.3 1 1
github.com/emar-kar/course_project/pkg/request/datatypes.go:73.64,75.3 1 1
github.com/emar-kar/course_project/pkg/request/datatypes.go:80.46,81.34 1 1
github.com/emar-kar/course_project/pkg/request/datatypes.go:85.2,85.14 1 1
github.com/emar-kar/course_project/pkg/request/datatypes.go:81.34,83.3 1 1
github.com/emar-kar/course_project/pkg/request/datatypes.go:89.43,90.31 1 1
github.com/emar-kar/course_project/pkg/request/datatypes.go:94.2,94.14 1 1
github.com/emar-kar/course_project/pkg/request/datatypes.go:90.31,92.3 1 1
github.com/emar-kar/course_project/pkg/request/datatypes.go:101.35,102.19 1 1
github.com/emar-kar/course_project/pkg/request/datatypes.go:105.2,105.17 1 1
github.com/emar-kar/course_project/pkg/request/datatypes.go:108.2,108.16 1 1
github.com/emar-kar/course_project/pkg/request/datatypes.go:111.2,111.19 1 1
github.com/emar-kar/course_project/pkg/request/datatypes.go:102.19,104.3 1 1
github.com/emar-kar/course_project/pkg/request/datatypes.go:105.17,107.3 1 1
github.com/emar-kar/course_project/pkg/request/datatypes.go:108.16,110.3 1 1
github.com/emar-kar/course_project/pkg/request/datatypes.go:114.32,115.51 1 1
github.com/emar-kar/course_project/pkg/request/datatypes.go:119.2,119.13 1 1
github.com/emar-kar/course_project/pkg/request/datatypes.go:115.51,117.3 1 1
github.com/emar-kar/course_project/pkg/request/datatypes.go:122.31,124.16 2 1
github.com/emar-kar/course_project/pkg/request/datatypes.go:128.2,128.12 1 1
github.com/emar-kar/course_project/pkg/request/datatypes.go:124.16,126.3 1 1
github.com/emar-kar/course_project/pkg/request/datatypes.go:131.30,132.61 1 1
github.com/emar-kar/course_project/pkg/request/datatypes.go:136.2,136.13 1 1
github.com/emar-kar/course_project/pkg/request/datatypes.go:132.61,134.3 1 1
github.com/emar-kar/course_project/pkg/request/datatypes.go:139.33,142.2 2 1
github.com/emar-kar/course_project/pkg/request/datatypes.go:144.29,146.26 2 1
github.com/emar-kar/course_project/pkg/request/datatypes.go:149.2,149.13 1 1
github.com/emar-kar/course_project/pkg/request/datatypes.go:146.26,148.3 1 1
github.com/emar-kar/course_project/pkg/request/datatypes.go:152.30,160.2 3 1
github.com/emar-kar/course_project/pkg/request/datatypes.go:162.41,164.25 2 1
github.com/emar-kar/course_project/pkg/request/datatypes.go:169.2,169.17 1 1
github.com/emar-kar/course_project/pkg/request/datatypes.go:164.25,167.3 2 1
github.com/emar-kar/course_project/pkg/request/request.go:25.34,27.2 1 1
github.com/emar-kar/course_project/pkg/request/request.go:38.47,43.16 4 1
github.com/emar-kar/course_project/pkg/request/request.go:47.2,50.16 4 1
github.com/emar-kar/course_project/pkg/request/request.go:54.2,56.19 3 1
github.com/emar-kar/course_project/pkg/request/request.go:67.2,69.36 2 1
github.com/emar-kar/course_project/pkg/request/request.go:81.2,81.15 1 1
github.com/emar-kar/course_project/pkg/request/request.go:43.16,45.3 1 1
github.com/emar-kar/course_project/pkg/request/request.go:50.16,52.3 1 1
github.com/emar-kar/course_project/pkg/request/request.go:57.11,58.24 1 1
github.com/emar-kar/course_project/pkg/request/request.go:59.10,61.35 2 1
github.com/emar-kar/course_project/pkg/request/request.go:61.35,62.37 1 1
github.com/emar-kar/course_project/pkg/request/request.go:62.37,64.5 1 1
github.com/emar-kar/course_project/pkg/request/request.go:69.36,71.17 2 1
github.com/emar-kar/course_project/pkg/request/request.go:74.3,75.53 2 1
github.com/emar-kar/course_project/pkg/request/request.go:78.3,78.23 1 1
github.com/emar-kar/course_project/pkg/request/request.go:71.17,73.4 1 1
github.com/emar-kar/course_project/pkg/request/request.go:75.53,77.4 1 1
github.com/emar-kar/course_project/pkg/request/request.go:84.55,85.46 1 1
github.com/emar-kar/course_project/pkg/request/request.go:89.2,90.21 2 1
github.com/emar-kar/course_project/pkg/request/request.go:94.2,94.45 1 1
github.com/emar-kar/course_project/pkg/request/request.go:98.2,99.22 2 1
github.com/emar-kar/course_project/pkg/request/request.go:103.2,103.35 1 1
github.com/emar-kar/course_project/pkg/request/request.go:85.46,87.3 1 1
github.com/emar-kar/course_project/pkg/request/request.go:90.21,92.3 1 1
github.com/emar-kar/course_project/pkg/request/request.go:94.45,96.3 1 0
github.com/emar-kar/course_project/pkg/request/request.go:99.22,101.3 1 0
github.com/emar-kar/course_project/pkg/request/request.go:106.49,108.29 2 1
github.com/emar-kar/course_project/pkg/request/request.go:121.2,121.12 1 1
github.com/emar-kar/course_project/pkg/request/request.go:108.29,110.30 2 1
github.com/emar-kar/course_project/pkg/request/request.go:116.3,116.13 1 1
github.com/emar-kar/course_project/pkg/request/request.go:110.30,111.17 1 1
github.com/emar-kar/course_project/pkg/request/request.go:111.17,113.10 2 1
github.com/emar-kar/course_project/pkg/request/request.go:116.13,118.4 1 1
github.com/emar-kar/course_project/pkg/request/request.go:125.76,135.16 7 1
github.com/emar-kar/course_project/pkg/request/request.go:139.2,141.32 3 1
github.com/emar-kar/course_project/pkg/request/request.go:150.2,160.6 8 1
github.com/emar-kar/course_project/pkg/request/request.go:135.16,137.3 1 0
github.com/emar-kar/course_project/pkg/request/request.go:141.32,142.34 1 1
github.com/emar-kar/course_project/pkg/request/request.go:142.34,143.20 1 1
github.com/emar-kar/course_project/pkg/request/request.go:143.20,146.5 2 1
github.com/emar-kar/course_project/pkg/request/request.go:160.6,161.10 1 1
github.com/emar-kar/course_project/pkg/request/request.go:162.37,163.55 1 1
github.com/emar-kar/course_project/pkg/request/request.go:164.24,165.18 1 1
github.com/emar-kar/course_project/pkg/request/request.go:168.4,168.25 1 1
github.com/emar-kar/course_project/pkg/request/request.go:165.18,167.5 1 1
github.com/emar-kar/course_project/pkg/request/request.go:173.63,174.30 1 1
github.com/emar-kar/course_project/pkg/request/request.go:180.2,180.35 1 1
github.com/emar-kar/course_project/pkg/request/request.go:174.30,175.43 1 1
github.com/emar-kar/course_project/pkg/request/request.go:178.3,178.12 1 1
github.com/emar-kar/course_project/pkg/request/request.go:175.43,177.4 1 1
github.com/emar-kar/course_project/pkg/request/request.go:183.51,185.16 2 1
github.com/emar-kar/course_project/pkg/request/request.go:189.2,193.16 4 1
github.com/emar-kar/course_project/pkg/request/request.go:197.2,197.17 1 1
github.com/emar-kar/course_project/pkg/request/request.go:185.16,187.3 1 1
github.com/emar-kar/course_project/pkg/request/request.go:193.16,195.3 1 0
github.com/emar-kar/course_project/pkg/request/request.go:200.52,201.25 1 1
github.com/emar-kar/course_project/pkg/request/request.go:206.2,206.14 1 1
github.com/emar-kar/course_project/pkg/request/request.go:201.25,202.16 1 1
github.com/emar-kar/course_project/pkg/request/request.go:202.16,204.4 1 1
github.com/emar-kar/course_project/pkg/request/request.go:209.51,210.37 1 1
github.com/emar-kar/course_project/pkg/request/request.go:214.2,214.81 1 1
github.com/emar-kar/course_project/pkg/request/request.go:210.37,212.3 1 1
github.com/emar-kar/course_project/pkg/request/request.go:217.50,223.46 4 1
github.com/emar-kar/course_project/pkg/request/request.go:244.2,244.106 1 1
github.com/emar-kar/course_project/pkg/request/request.go:223.46,226.47 2 1
github.com/emar-kar/course_project/pkg/request/request.go:241.3,241.23 1 1
github.com/emar-kar/course_project/pkg/request/request.go:226.47,230.15 3 1
github.com/emar-kar/course_project/pkg/request/request.go:238.4,239.42 2 1
github.com/emar-kar/course_project/pkg/request/request.go:231.13,233.20 2 1
github.com/emar-kar/course_project/pkg/request/request.go:234.12,235.19 1 1
github.com/emar-kar/course_project/pkg/request/request.go:247.44,249.30 2 1
github.com/emar-kar/course_project/pkg/request/request.go:254.2,254.18 1 1
github.com/emar-kar/course_project/pkg/request/request.go:249.30,250.32 1 1
github.com/emar-kar/course_project/pkg/request/request.go:250.32,252.4 1 1
github.com/emar-kar/course_project/pkg/request/result.go:29.58,33.32 3 1
github.com/emar-kar/course_project/pkg/request/result.go:41.2,41.31 1 1
github.com/emar-kar/course_project/pkg/request/result.go:33.32,34.30 1 1
github.com/emar-kar/course_project/pkg/request/result.go:34.30,35.18 1 1
github.com/emar-kar/course_project/pkg/request/result.go:35.18,37.5 1 1
github.com/emar-kar/course_project/pkg/request/result.go:45.118,47.16 2 1
github.com/emar-kar/course_project/pkg/request/result.go:50.2,56.21 5 1
github.com/emar-kar/course_project/pkg/request/result.go:74.2,74.15 1 1
github.com/emar-kar/course_project/pkg/request/result.go:47.16,49.3 1 0
github.com/emar-kar/course_project/pkg/request/result.go:56.21,57.10 1 1
github.com/emar-kar/course_project/pkg/request/result.go:58.21,60.10 2 1
github.com/emar-kar/course_project/pkg/request/result.go:61.11,62.16 1 1
github.com/emar-kar/course_project/pkg/request/result.go:67.4,68.31 2 1
github.com/emar-kar/course_project/pkg/request/result.go:62.16,64.13 2 1
github.com/emar-kar/course_project/pkg/request/result.go:68.31,71.5 2 1
github.com/emar-kar/course_project/pkg/request/result.go:77.55,78.34 1 1
github.com/emar-kar/course_project/pkg/request/result.go:89.2,89.13 1 1
github.com/emar-kar/course_project/pkg/request/result.go:78.34,81.29 2 1
github.com/emar-kar/course_project/pkg/request/result.go:85.3,85.65 1 1
github.com/emar-kar/course_project/pkg/request/result.go:81.29,83.4 1 0
github.com/emar-kar/course_project/pkg/request/result.go:85.65,87.4 1 1
github.com/emar-kar/course_project/pkg/request/result.go:92.53,94.41 2 1
github.com/emar-kar/course_project/pkg/request/result.go:103.2,103.13 1 1
github.com/emar-kar/course_project/pkg/request/result.go:94.41,98.42 4 1
github.com/emar-kar/course_project/pkg/request/result.go:101.3,101.13 1 1
github.com/emar-kar/course_project/pkg/request/result.go:98.42,100.4 1 1
github.com/emar-kar/course_project/pkg/request/result.go:107.27,108.16 1 0
github.com/emar-kar/course_project/pkg/request/result.go:112.2,113.39 2 0
github.com/emar-kar/course_project/pkg/request/result.go:121.2,125.30 4 0
github.com/emar-kar/course_project/pkg/request/result.go:137.2,137.45 1 0
github.com/emar-kar/course_project/pkg/request/result.go:108.16,111.3 2 0
github.com/emar-kar/course_project/pkg/request/result.go:113.39,120.3 6 0
github.com/emar-kar/course_project/pkg/request/result.go:125.30,127.40 2 0
github.com/emar-kar/course_project/pkg/request/result.go:135.3,135.20 1 0
github.com/emar-kar/course_project/pkg/request/result.go:127.40,134.4 6 0
github.com/emar-kar/course_project/pkg/request/criterion.go:12.43,13.14 1 1
github.com/emar-kar/course_project/pkg/request/criterion.go:21.2,21.12 1 1
github.com/emar-kar/course_project/pkg/request/criterion.go:13.14,14.19 1 1
github.com/emar-kar/course_project/pkg/request/criterion.go:17.3,17.18 1 1
github.com/emar-kar/course_project/pkg/request/criterion.go:14.19,16.4 1 1
github.com/emar-kar/course_project/pkg/request/criterion.go:17.18,19.4 1 1
github.com/emar-kar/course_project/pkg/request/criterion.go:36.42,41.6 4 1
github.com/emar-kar/course_project/pkg/request/criterion.go:51.2,51.15 1 1
github.com/emar-kar/course_project/pkg/request/criterion.go:41.6,43.18 2 1
github.com/emar-kar/course_project/pkg/request/criterion.go:46.3,46.42 1 1
github.com/emar-kar/course_project/pkg/request/criterion.go:43.18,44.9 1 1
github.com/emar-kar/course_project/pkg/request/criterion.go:46.42,48.4 1 1
github.com/emar-kar/course_project/pkg/request/criterion.go:54.51,55.25 1 1
github.com/emar-kar/course_project/pkg/request/criterion.go:58.2,59.6 2 1
github.com/emar-kar/course_project/pkg/request/criterion.go:55.25,57.3 1 1
github.com/emar-kar/course_project/pkg/request/criterion.go:59.6,60.29 1 1
github.com/emar-kar/course_project/pkg/request/criterion.go:63.3,63.36 1 1
github.com/emar-kar/course_project/pkg/request/criterion.go:60.29,62.4 1 1
github.com/emar-kar/course_project/pkg/request/criterion.go:67.58,72.6 4 1
github.com/emar-kar/course_project/pkg/request/criterion.go:91.2,91.15 1 1
github.com/emar-kar/course_project/pkg/request/criterion.go:72.6,73.24 1 1
github.com/emar-kar/course_project/pkg/request/criterion.go:84.3,85.18 2 1
github.com/emar-kar/course_project/pkg/request/criterion.go:88.3,88.8 1 1
github.com/emar-kar/course_project/pkg/request/criterion.go:73.24,74.46 1 1
github.com/emar-kar/course_project/pkg/request/criterion.go:80.4,80.30 1 1
github.com/emar-kar/course_project/pkg/request/criterion.go:74.46,76.5 1 1
github.com/emar-kar/course_project/pkg/request/criterion.go:80.30,82.5 1 1
github.com/emar-kar/course_project/pkg/request/criterion.go:85.18,86.12 1 1
github.com/emar-kar/course_project/pkg/request/criterion.go:94.59,96.16 2 1
github.com/emar-kar/course_project/pkg/request/criterion.go:110.2,110.15 1 1
github.com/emar-kar/course_project/pkg/request/criterion.go:97.13,98.36 1 1
github.com/emar-kar/course_project/pkg/request/criterion.go:99.11,100.38 1 1
github.com/emar-kar/course_project/pkg/request/criterion.go:101.11,102.40 1 1
github.com/emar-kar/course_project/pkg/request/criterion.go:103.11,104.37 1 1
github.com/emar-kar/course_project/pkg/request/criterion.go:105.12,106.47 1 1
github.com/emar-kar/course_project/pkg/request/criterion.go:107.12,108.44 1 1
github.com/emar-kar/course_project/pkg/request/criterion.go:113.46,114.31 1 1
github.com/emar-kar/course_project/pkg/request/criterion.go:136.2,136.14 1 1
github.com/emar-kar/course_project/pkg/request/criterion.go:115.19,118.30 3 1
github.com/emar-kar/course_project/pkg/request/criterion.go:121.17,124.34 3 1
github.com/emar-kar/course_project/pkg/request/criterion.go:127.18,128.24 1 1
github.com/emar-kar/course_project/pkg/request/criterion.go:131.16,134.37 3 1
github.com/emar-kar/course_project/pkg/request/criterion.go:118.30,120.4 1 1
github.com/emar-kar/course_project/pkg/request/criterion.go:124.34,126.4 1 1
github.com/emar-kar/course_project/pkg/request/criterion.go:128.24,130.4 1 1
github.com/emar-kar/course_project/pkg/request/criterion.go:139.48,140.31 1 1
github.com/emar-kar/course_project/pkg/request/criterion.go:162.2,162.14 1 1
github.com/emar-kar/course_project/pkg/request/criterion.go:141.19,144.30 3 1
github.com/emar-kar/course_project/pkg/request/criterion.go:147.17,150.34 3 1
github.com/emar-kar/course_project/pkg/request/criterion.go:153.18,154.24 1 1
github.com/emar-kar/course_project/pkg/request/criterion.go:157.16,160.39 3 1
github.com/emar-kar/course_project/pkg/request/criterion.go:144.30,146.4 1 1
github.com/emar-kar/course_project/pkg/request/criterion.go:150.34,152.4 1 1
github.com/emar-kar/course_project/pkg/request/criterion.go:154.24,156.4 1 1
github.com/emar-kar/course_project/pkg/request/criterion.go:165.50,166.31 1 1
github.com/emar-kar/course_project/pkg/request/criterion.go:184.2,184.14 1 1
github.com/emar-kar/course_project/pkg/request/criterion.go:167.19,170.29 3 1
github.com/emar-kar/course_project/pkg/request/criterion.go:173.17,176.33 3 1
github.com/emar-kar/course_project/pkg/request/criterion.go:179.16,182.41 3 1
github.com/emar-kar/course_project/pkg/request/criterion.go:170.29,172.4 1 1
github.com/emar-kar/course_project/pkg/request/criterion.go:176.33,178.4 1 1
github.com/emar-kar/course_project/pkg/request/criterion.go:187.47,188.31 1 1
github.com/emar-kar/course_project/pkg/request/criterion.go:206.2,206.14 1 1
github.com/emar-kar/course_project/pkg/request/criterion.go:189.19,192.29 3 1
github.com/emar-kar/course_project/pkg/request/criterion.go:195.17,198.33 3 1
github.com/emar-kar/course_project/pkg/request/criterion.go:201.16,204.38 3 1
github.com/emar-kar/course_project/pkg/request/criterion.go:192.29,194.4 1 1
github.com/emar-kar/course_project/pkg/request/criterion.go:198.33,200.4 1 1
github.com/emar-kar/course_project/pkg/request/criterion.go:209.57,210.31 1 1
github.com/emar-kar/course_project/pkg/request/criterion.go:228.2,228.14 1 1
github.com/emar-kar/course_project/pkg/request/criterion.go:211.19,214.30 3 1
github.com/emar-kar/course_project/pkg/request/criterion.go:217.17,220.34 3 1
github.com/emar-kar/course_project/pkg/request/criterion.go:223.16,226.48 3 1
github.com/emar-kar/course_project/pkg/request/criterion.go:214.30,216.4 1 1
github.com/emar-kar/course_project/pkg/request/criterion.go:220.34,222.4 1 1
github.com/emar-kar/course_project/pkg/request/criterion.go:231.54,232.31 1 1
github.com/emar-kar/course_project/pkg/request/criterion.go:250.2,250.14 1 1
github.com/emar-kar/course_project/pkg/request/criterion.go:233.19,236.30 3 1
github.com/emar-kar/course_project/pkg/request/criterion.go:239.17,242.34 3 1
github.com/emar-kar/course_project/pkg/request/criterion.go:245.16,248.45 3 1
github.com/emar-kar/course_project/pkg/request/criterion.go:236.30,238.4 1 1
github.com/emar-kar/course_project/pkg/request/criterion.go:242.34,244.4 1 1
